{"code":9499,"msg":"Bad Request","data":{}}[Fri Apr  3 10:09:26 PM CST 2026] 汇报已发送
[Fri Apr  3 10:09:41 PM CST 2026] 汇报已发送
发送结果: 200 {"StatusCode":0,"StatusMessage":"success","code":0,"data":{},"msg":"success"}
[Sat Apr  4 12:00:04 AM CST 2026] 汇报已发送
发送结果: 200 {"StatusCode":0,"StatusMessage":"success","code":0,"data":{},"msg":"success"}
[Sat Apr  4 02:00:05 AM CST 2026] 汇报已发送
发送结果: 200 {"StatusCode":0,"StatusMessage":"success","code":0,"data":{},"msg":"success"}
[Sat Apr  4 04:00:02 AM CST 2026] 汇报已发送
发送结果: 200 {"StatusCode":0,"StatusMessage":"success","code":0,"data":{},"msg":"success"}
[Sat Apr  4 06:00:02 AM CST 2026] 汇报已发送
发送结果: 200 {"code":11232,"data":{},"msg":"frequency limited psm[lark.oapi.app_platform_runtime]appID[1500]"}
[Sat Apr  4 08:00:03 AM CST 2026] 汇报已发送
发送结果: 200 {"code":11232,"data":{},"msg":"frequency limited psm[lark.oapi.app_platform_runtime]appID[1500]"}
[Sat Apr  4 10:00:02 AM CST 2026] 汇报已发送
发送结果: 200 {"StatusCode":0,"StatusMessage":"success","code":0,"data":{},"msg":"success"}
[Sat Apr  4 12:00:02 PM CST 2026] 汇报已发送
发送结果: 200 {"code":11232,"data":{},"msg":"frequency limited psm[lark.oapi.app_platform_runtime]appID[1500]"}
[Sat Apr  4 02:00:03 PM CST 2026] 汇报已发送
发送结果: 200 {"StatusCode":0,"StatusMessage":"success","code":0,"data":{},"msg":"success"}
[Sat Apr  4 04:00:02 PM CST 2026] 汇报已发送
发送结果: 200 {"code":11232,"data":{},"msg":"frequency limited psm[lark.oapi.app_platform_runtime]appID[1500]"}
[Sat Apr  4 06:00:05 PM CST 2026] 汇报已发送
发送结果: 200 {"code":11232,"data":{},"msg":"frequency limited psm[lark.oapi.app_platform_runtime]appID[1500]"}
[Sat Apr  4 08:00:05 PM CST 2026] 汇报已发送
发送结果: 200 {"code":11232,"data":{},"msg":"frequency limited psm[lark.oapi.app_platform_runtime]appID[1500]"}
[Sat Apr  4 10:00:04 PM CST 2026] 汇报已发送
发送结果: 200 {"StatusCode":0,"StatusMessage":"success","code":0,"data":{},"msg":"success"}
[Sun Apr  5 12:00:04 AM CST 2026] 汇报已发送
发送结果: 200 {"StatusCode":0,"StatusMessage":"success","code":0,"data":{},"msg":"success"}
[Sun Apr  5 02:00:02 AM CST 2026] 汇报已发送
发送结果: 200 {"StatusCode":0,"StatusMessage":"success","code":0,"data":{},"msg":"success"}
[Sun Apr  5 04:00:02 AM CST 2026] 汇报已发送
发送结果: 200 {"code":11232,"data":{},"msg":"frequency limited psm[lark.oapi.app_platform_runtime]appID[1500]"}
[Sun Apr  5 06:00:04 AM CST 2026] 汇报已发送
发送结果: 200 {"StatusCode":0,"StatusMessage":"success","code":0,"data":{},"msg":"success"}
[Sun Apr  5 08:00:02 AM CST 2026] 汇报已发送
发送结果: 200 {"StatusCode":0,"StatusMessage":"success","code":0,"data":{},"msg":"success"}
[Sun Apr  5 10:00:05 AM CST 2026] 汇报已发送
发送结果: 200 {"code":11232,"data":{},"msg":"frequency limited psm[lark.oapi.app_platform_runtime]appID[1500]"}
[Sun Apr  5 02:00:04 PM CST 2026] 汇报已发送
发送结果: 200 {"code":11232,"data":{},"msg":"frequency limited psm[lark.oapi.app_platform_runtime]appID[1500]"}
[Sun Apr  5 04:00:04 PM CST 2026] 汇报已发送
发送结果: 200 {"StatusCode":0,"StatusMessage":"success","code":0,"data":{},"msg":"success"}
[Sun Apr  5 06:00:02 PM CST 2026] 汇报已发送
发送结果: 200 {"StatusCode":0,"StatusMessage":"success","code":0,"data":{},"msg":"success"}
[Sun Apr  5 08:00:02 PM CST 2026] 汇报已发送
发送结果: 200 {"StatusCode":0,"StatusMessage":"success","code":0,"data":{},"msg":"success"}
[Sun Apr  5 10:00:05 PM CST 2026] 汇报已发送
/bin/sh: /home/admin/.openclaw/workspace/codeman/pta_analysis/report_progress.sh: No such file or directory
/bin/sh: /home/admin/.openclaw/workspace/codeman/pta_analysis/report_progress.sh: No such file or directory
/bin/sh: /home/admin/.openclaw/workspace/codeman/pta_analysis/report_progress.sh: No such file or directory
/bin/sh: /home/admin/.openclaw/workspace/codeman/pta_analysis/report_progress.sh: No such file or directory
/bin/sh: /home/admin/.openclaw/workspace/codeman/pta_analysis/report_progress.sh: No such file or directory
/bin/sh: /home/admin/.openclaw/workspace/codeman/pta_analysis/report_progress.sh: No such file or directory
/bin/sh: /home/admin/.openclaw/workspace/codeman/pta_analysis/report_progress.sh: No such file or directory
/bin/sh: /home/admin/.openclaw/workspace/codeman/pta_analysis/report_progress.sh: No such file or directory
/bin/sh: /home/admin/.openclaw/workspace/codeman/pta_analysis/report_progress.sh: No such file or directory
