[07:58:18] === 期权数据采集开始 ===
[07:58:18] PTA价格: 6988
[07:58:20] TQSdk 连接...
[07:58:21] TQSdk 连接成功
[07:58:21] --- 1min ---
[07:58:23]   CZCE.TA605C6800: 8000条 ✓
[07:58:24]   CZCE.TA605P6800: 8000条 ✓
[07:58:26]   CZCE.TA605C6900: 8000条 ✓
[07:58:28]   CZCE.TA605P6900: 8000条 ✓
[07:58:30]   CZCE.TA605C7000: 8000条 ✓
[07:58:32]   CZCE.TA605P7000: 8000条 ✓
[07:58:33]   CZCE.TA605C7100: 8000条 ✓
[07:58:35]   CZCE.TA605P7100: 8000条 ✓
[07:58:38]   CZCE.TA605C7200: 8000条 ✓
[07:58:40]   CZCE.TA605P7200: 8000条 ✓
[07:58:42]   CZCE.TA605C7300: 8000条 ✓
[07:58:44]   CZCE.TA605P7300: 8000条 ✓
[07:58:45]   → 保存 /home/admin/.openclaw/workspace/codeman/pta_analysis/data/ta_option_1min.csv (96000条)
[07:58:45] --- 5min ---
[07:58:46]   CZCE.TA605C6800: 8000条 ✓
[07:58:47]   CZCE.TA605P6800: 8000条 ✓
[07:58:49]   CZCE.TA605C6900: 8000条 ✓
[07:58:50]   CZCE.TA605P6900: 8000条 ✓
[07:58:51]   CZCE.TA605C7000: 8000条 ✓
[07:58:52]   CZCE.TA605P7000: 8000条 ✓
[07:58:53]   CZCE.TA605C7100: 8000条 ✓
[07:58:54]   CZCE.TA605P7100: 8000条 ✓
[07:58:56]   CZCE.TA605C7200: 8000条 ✓
[07:58:58]   CZCE.TA605P7200: 8000条 ✓
[07:58:59]   CZCE.TA605C7300: 8000条 ✓
[07:59:00]   CZCE.TA605P7300: 8000条 ✓
[07:59:01]   → 保存 /home/admin/.openclaw/workspace/codeman/pta_analysis/data/ta_option_5min.csv (96000条)
[07:59:01] --- 15min ---
[07:59:02]   CZCE.TA605C6800: 8000条 ✓
[07:59:03]   CZCE.TA605P6800: 8000条 ✓
[07:59:04]   CZCE.TA605C6900: 8000条 ✓
[07:59:06]   CZCE.TA605P6900: 8000条 ✓
[07:59:07]   CZCE.TA605C7000: 8000条 ✓
[07:59:08]   CZCE.TA605P7000: 8000条 ✓
[07:59:09]   CZCE.TA605C7100: 8000条 ✓
[07:59:11]   CZCE.TA605P7100: 8000条 ✓
[07:59:12]   CZCE.TA605C7200: 8000条 ✓
[07:59:13]   CZCE.TA605P7200: 8000条 ✓
[07:59:14]   CZCE.TA605C7300: 8000条 ✓
[07:59:16]   CZCE.TA605P7300: 8000条 ✓
[07:59:17]   → 保存 /home/admin/.openclaw/workspace/codeman/pta_analysis/data/ta_option_15min.csv (96000条)
[07:59:17] --- 30min ---
[07:59:18]   CZCE.TA605C6800: 8000条 ✓
[07:59:19]   CZCE.TA605P6800: 8000条 ✓
[07:59:20]   CZCE.TA605C6900: 8000条 ✓
[07:59:21]   CZCE.TA605P6900: 8000条 ✓
[07:59:22]   CZCE.TA605C7000: 8000条 ✓
[07:59:24]   CZCE.TA605P7000: 8000条 ✓
[07:59:25]   CZCE.TA605C7100: 8000条 ✓
[07:59:26]   CZCE.TA605P7100: 8000条 ✓
[07:59:27]   CZCE.TA605C7200: 8000条 ✓
[07:59:28]   CZCE.TA605P7200: 8000条 ✓
[07:59:29]   CZCE.TA605C7300: 8000条 ✓
[07:59:30]   CZCE.TA605P7300: 8000条 ✓
[07:59:31]   → 保存 /home/admin/.openclaw/workspace/codeman/pta_analysis/data/ta_option_30min.csv (96000条)
[07:59:31] --- 60min ---
[07:59:32]   CZCE.TA605C6800: 8000条 ✓
[07:59:34]   CZCE.TA605P6800: 8000条 ✓
[07:59:35]   CZCE.TA605C6900: 8000条 ✓
[07:59:36]   CZCE.TA605P6900: 8000条 ✓
[07:59:37]   CZCE.TA605C7000: 8000条 ✓
[07:59:38]   CZCE.TA605P7000: 8000条 ✓
[07:59:40]   CZCE.TA605C7100: 8000条 ✓
[07:59:41]   CZCE.TA605P7100: 8000条 ✓
[07:59:42]   CZCE.TA605C7200: 8000条 ✓
[07:59:44]   CZCE.TA605P7200: 8000条 ✓
[07:59:45]   CZCE.TA605C7300: 8000条 ✓
[07:59:46]   CZCE.TA605P7300: 8000条 ✓
[07:59:47]   → 保存 /home/admin/.openclaw/workspace/codeman/pta_analysis/data/ta_option_60min.csv (96000条)
[07:59:47] 完成! 保存: {'1min': 96000, '5min': 96000, '15min': 96000, '30min': 96000, '60min': 96000}
[07:59:47] === 期权数据采集结束 ===
